*** Starting uWSGI 2.0.18 (32bit) on [Thu Apr 25 12:35:47 2019] ***
compiled with version: 6.3.0 20170516 on 20 April 2019 00:22:14
os: Linux-4.14.98-v7+ #1200 SMP Tue Feb 12 20:27:48 GMT 2019
nodename: raspberrypi
machine: armv7l
clock source: unix
detected number of CPU cores: 4
current working directory: /home/pi
detected binary path: /usr/local/bin/uwsgi
!!! no internal routing support, rebuild with pcre support !!!
chdir() to /home/pi/Documents/Streaming-Video-with-Django/eventos_teclado
your processes number limit is 7345
your memory page size is 4096 bytes
detected max file descriptor number: 1024
lock engine: pthread robust mutexes
thunder lock: disabled (you can enable it with --thunder-lock)
uwsgi socket 0 bound to UNIX address /home/pi/Documents/Streaming-Video-with-Django/eventos_teclado/eventos_teclado.sock fd 6
Python version: 3.5.3 (default, Sep 27 2018, 17:25:39)  [GCC 6.3.0 20170516]
*** Python threads support is disabled. You can enable it with --enable-threads ***
Python main interpreter initialized at 0xebe0d0
your server socket listen backlog is limited to 100 connections
your mercy for graceful operations on workers is 60 seconds
mapped 322000 bytes (314 KB) for 4 cores
*** Operational MODE: preforking ***
WSGI app 0 (mountpoint='') ready in 4 seconds on interpreter 0xebe0d0 pid: 1594 (default app)
*** uWSGI is running in multiple interpreter mode ***
spawned uWSGI master process (pid: 1594)
spawned uWSGI worker 1 (pid: 1600, cores: 1)
spawned uWSGI worker 2 (pid: 1601, cores: 1)
spawned uWSGI worker 3 (pid: 1602, cores: 1)
spawned uWSGI worker 4 (pid: 1603, cores: 1)
SIGINT/SIGQUIT received...killing workers...
worker 1 buried after 5 seconds
worker 2 buried after 5 seconds
worker 3 buried after 5 seconds
worker 4 buried after 5 seconds
goodbye to uWSGI.
*** Starting uWSGI 2.0.18 (32bit) on [Thu Apr 25 13:03:00 2019] ***
compiled with version: 6.3.0 20170516 on 20 April 2019 00:22:14
os: Linux-4.14.98-v7+ #1200 SMP Tue Feb 12 20:27:48 GMT 2019
nodename: raspberrypi
machine: armv7l
clock source: unix
detected number of CPU cores: 4
current working directory: /home/pi
detected binary path: /usr/local/bin/uwsgi
!!! no internal routing support, rebuild with pcre support !!!
chdir() to /home/pi/Documents/Streaming-Video-with-Django/eventos_teclado
your processes number limit is 7345
your memory page size is 4096 bytes
detected max file descriptor number: 1024
lock engine: pthread robust mutexes
thunder lock: disabled (you can enable it with --thunder-lock)
uwsgi socket 0 bound to UNIX address /home/pi/Documents/Streaming-Video-with-Django/eventos_teclado/eventos_teclado.sock fd 6
Python version: 3.5.3 (default, Sep 27 2018, 17:25:39)  [GCC 6.3.0 20170516]
*** Python threads support is disabled. You can enable it with --enable-threads ***
Python main interpreter initialized at 0x1c5a0a8
your server socket listen backlog is limited to 100 connections
your mercy for graceful operations on workers is 60 seconds
mapped 322000 bytes (314 KB) for 4 cores
*** Operational MODE: preforking ***
WSGI app 0 (mountpoint='') ready in 4 seconds on interpreter 0x1c5a0a8 pid: 1878 (default app)
*** uWSGI is running in multiple interpreter mode ***
spawned uWSGI master process (pid: 1878)
spawned uWSGI worker 1 (pid: 1885, cores: 1)
spawned uWSGI worker 2 (pid: 1886, cores: 1)
spawned uWSGI worker 3 (pid: 1887, cores: 1)
spawned uWSGI worker 4 (pid: 1888, cores: 1)
SIGINT/SIGQUIT received...killing workers...
worker 1 buried after 2 seconds
worker 2 buried after 2 seconds
worker 3 buried after 2 seconds
worker 4 buried after 2 seconds
goodbye to uWSGI.
*** Starting uWSGI 2.0.18 (32bit) on [Thu Apr 25 13:07:06 2019] ***
compiled with version: 6.3.0 20170516 on 20 April 2019 00:22:14
os: Linux-4.14.98-v7+ #1200 SMP Tue Feb 12 20:27:48 GMT 2019
nodename: raspberrypi
machine: armv7l
clock source: unix
detected number of CPU cores: 4
current working directory: /home/pi
detected binary path: /usr/local/bin/uwsgi
!!! no internal routing support, rebuild with pcre support !!!
chdir() to /home/pi/Documents/Streaming-Video-with-Django/eventos_teclado
your processes number limit is 7345
your memory page size is 4096 bytes
detected max file descriptor number: 1024
lock engine: pthread robust mutexes
thunder lock: disabled (you can enable it with --thunder-lock)
uwsgi socket 0 bound to UNIX address /home/pi/Documents/Streaming-Video-with-Django/eventos_teclado/eventos_teclado.sock fd 6
Python version: 3.5.3 (default, Sep 27 2018, 17:25:39)  [GCC 6.3.0 20170516]
*** Python threads support is disabled. You can enable it with --enable-threads ***
Python main interpreter initialized at 0x1cd50d0
your server socket listen backlog is limited to 100 connections
your mercy for graceful operations on workers is 60 seconds
mapped 322000 bytes (314 KB) for 4 cores
*** Operational MODE: preforking ***
WSGI app 0 (mountpoint='') ready in 4 seconds on interpreter 0x1cd50d0 pid: 1907 (default app)
*** uWSGI is running in multiple interpreter mode ***
spawned uWSGI master process (pid: 1907)
spawned uWSGI worker 1 (pid: 1913, cores: 1)
spawned uWSGI worker 2 (pid: 1914, cores: 1)
spawned uWSGI worker 3 (pid: 1915, cores: 1)
spawned uWSGI worker 4 (pid: 1916, cores: 1)
SIGINT/SIGQUIT received...killing workers...
worker 1 buried after 2 seconds
worker 2 buried after 2 seconds
worker 3 buried after 2 seconds
worker 4 buried after 2 seconds
goodbye to uWSGI.
*** Starting uWSGI 2.0.18 (32bit) on [Thu Apr 25 13:18:40 2019] ***
compiled with version: 6.3.0 20170516 on 20 April 2019 00:22:14
os: Linux-4.14.98-v7+ #1200 SMP Tue Feb 12 20:27:48 GMT 2019
nodename: raspberrypi
machine: armv7l
clock source: unix
detected number of CPU cores: 4
current working directory: /home/pi
detected binary path: /usr/local/bin/uwsgi
!!! no internal routing support, rebuild with pcre support !!!
chdir() to /home/pi/Documents/Streaming-Video-with-Django/eventos_teclado
your processes number limit is 7345
your memory page size is 4096 bytes
detected max file descriptor number: 1024
lock engine: pthread robust mutexes
thunder lock: disabled (you can enable it with --thunder-lock)
uwsgi socket 0 bound to UNIX address /home/pi/Documents/Streaming-Video-with-Django/eventos_teclado/eventos_teclado.sock fd 6
Python version: 3.5.3 (default, Sep 27 2018, 17:25:39)  [GCC 6.3.0 20170516]
*** Python threads support is disabled. You can enable it with --enable-threads ***
Python main interpreter initialized at 0x158e0d0
your server socket listen backlog is limited to 100 connections
your mercy for graceful operations on workers is 60 seconds
mapped 322000 bytes (314 KB) for 4 cores
*** Operational MODE: preforking ***
WSGI app 0 (mountpoint='') ready in 4 seconds on interpreter 0x158e0d0 pid: 2049 (default app)
*** uWSGI is running in multiple interpreter mode ***
spawned uWSGI master process (pid: 2049)
spawned uWSGI worker 1 (pid: 2055, cores: 1)
spawned uWSGI worker 2 (pid: 2056, cores: 1)
spawned uWSGI worker 3 (pid: 2057, cores: 1)
spawned uWSGI worker 4 (pid: 2058, cores: 1)
SIGINT/SIGQUIT received...killing workers...
worker 1 buried after 2 seconds
worker 2 buried after 2 seconds
worker 3 buried after 2 seconds
worker 4 buried after 2 seconds
goodbye to uWSGI.
